
11:11:16.000000 :about
11:11:21.000000 :tos
11:11:24.000000 :privacy
11:11:28.000000 :contact
15:31:56.000000 :about
15:32:07.000000 :tos
15:32:11.000000 :privacy
15:32:15.000000 :contact
15:42:31.000000 :about
15:43:18.000000 :about
15:45:13.000000 :about
15:47:21.000000 :about
15:47:26.000000 :tos
15:47:28.000000 :privacy
15:47:30.000000 :contact
15:47:32.000000 :about
15:47:38.000000 :about
15:47:41.000000 :about
15:47:43.000000 :tos
15:47:45.000000 :privacy
15:22:23.000000 :about
15:22:28.000000 :about
15:22:30.000000 :tos
15:22:32.000000 :privacy
15:22:34.000000 :contact
15:22:37.000000 :about
02:20:29.000000 :tos
02:22:16.000000 :about
02:22:22.000000 :about
02:22:32.000000 :tos
02:22:38.000000 :privacy
02:26:53.000000 :about
02:27:03.000000 :about
02:27:09.000000 :tos
02:27:55.000000 :about
02:28:03.000000 :tos
02:28:11.000000 :privacy
02:29:14.000000 :about
02:29:17.000000 :tos
02:29:20.000000 :privacy
02:29:22.000000 :about
02:29:24.000000 :contact
02:29:26.000000 :about
02:32:32.000000 :about
02:32:35.000000 :tos
02:32:36.000000 :privacy
02:32:38.000000 :contact
02:35:57.000000 :about
02:38:36.000000 :about
02:38:40.000000 :tos
02:38:43.000000 :privacy
02:38:46.000000 :contact
05:59:26.000000 :about
05:59:29.000000 :tos
05:59:49.000000 :about
05:59:54.000000 :about
06:00:02.000000 :tos
06:00:40.000000 :about
06:01:10.000000 :about
06:01:56.000000 :about
06:04:34.000000 :about
06:04:37.000000 :tos
09:58:21.000000 :about
09:58:24.000000 :tos
15:27:22.000000 :about
07:10:45.000000 :about
07:10:51.000000 :tos
07:10:57.000000 :privacy
07:11:34.000000 :privacy
07:12:08.000000 :about
07:12:14.000000 :tos
07:12:16.000000 :privacy
08:03:51.000000 :
08:04:04.000000 :
08:04:26.000000 :about
10:41:26.000000 :about
10:36:28.000000 :about
10:36:30.000000 :about
10:36:34.000000 :tos
10:36:52.000000 :about
10:39:00.000000 :about
10:39:04.000000 :tos
10:39:07.000000 :privacy
10:39:12.000000 :contact
10:46:17.000000 :about
11:05:28.000000 :about
11:05:31.000000 :tos
11:05:33.000000 :privacy
11:05:36.000000 :tos
11:05:39.000000 :privacy
11:05:42.000000 :contact
11:18:10.000000 :tos
11:18:12.000000 :privacy
11:18:15.000000 :contact
11:18:47.000000 :about
11:18:53.000000 :tos
11:19:00.000000 :privacy
11:19:05.000000 :contact
11:20:37.000000 :privacy
11:20:43.000000 :privacy
11:22:24.000000 :privacy
11:22:32.000000 :contact
11:23:02.000000 :contact
11:23:04.000000 :privacy
11:23:11.000000 :tos
11:23:13.000000 :contact
11:23:16.000000 :about
13:35:11.000000 :about
13:35:14.000000 :tos
01:16:47.000000 :about
04:08:36.000000 :about
11:23:15.000000 :about
11:23:20.000000 :tos
11:23:24.000000 :privacy
11:18:06.000000 :about
13:38:13.000000 :about
13:38:17.000000 :tos
13:38:30.000000 :tos
13:38:33.000000 :about
13:38:37.000000 :privacy
13:38:40.000000 :contact
13:39:29.000000 :about
13:39:32.000000 :tos
13:39:34.000000 :privacy
13:39:47.000000 :about
13:39:49.000000 :tos
13:40:12.000000 :about
10:52:33.000000 :about
02:26:32.000000 :about
02:26:37.000000 :tos